<?xml version="1.0" encoding="UTF-8"?>
<!-- Generated by org.testng.reporters.JUnitReportReporter -->
<testsuite skipped="2" hostname="GOD-PC-PC" name="day4.CreateTestLead" tests="3" failures="0" timestamp="21 Mar 2017 17:50:54 GMT" time="0.000" errors="1">
  <testcase name="createTestLead" time="0.000" classname="day4.CreateTestLead">
    <skipped/>
  </testcase> <!-- createTestLead -->
  <testcase name="createTestLead" time="0.000" classname="day4.CreateTestLead">
    <skipped/>
  </testcase> <!-- createTestLead -->
  <testcase name="login_Taps" time="0.000" classname="day4.CreateTestLead">
    <error type="org.testng.TestNGException" message="
Parameter &#039;username&#039; is required by BeforeMethod on method login_Taps but has not been marked @Optional or defined
in D:\SELENIUM_TestLeaf\Programs\Selenium\testng.xml">
      <![CDATA[org.testng.TestNGException: 
Parameter 'username' is required by BeforeMethod on method login_Taps but has not been marked @Optional or defined
in D:\SELENIUM_TestLeaf\Programs\Selenium\testng.xml
	at org.testng.internal.Parameters.createParameters(Parameters.java:199)
	at org.testng.internal.Parameters.createParameters(Parameters.java:443)
	at org.testng.internal.Parameters.createConfigurationParameters(Parameters.java:118)
	at org.testng.internal.Invoker.invokeConfigurations(Invoker.java:206)
	at org.testng.internal.Invoker.invokeMethod(Invoker.java:599)
	at org.testng.internal.Invoker.invokeTestMethod(Invoker.java:869)
	at org.testng.internal.Invoker.invokeTestMethods(Invoker.java:1193)
	at org.testng.internal.TestMethodWorker.invokeTestMethods(TestMethodWorker.java:126)
	at org.testng.internal.TestMethodWorker.run(TestMethodWorker.java:109)
	at org.testng.TestRunner.privateRun(TestRunner.java:744)
	at org.testng.TestRunner.run(TestRunner.java:602)
	at org.testng.SuiteRunner.runTest(SuiteRunner.java:380)
	at org.testng.SuiteRunner.access$000(SuiteRunner.java:39)
	at org.testng.SuiteRunner$SuiteWorker.run(SuiteRunner.java:414)
	at org.testng.internal.thread.ThreadUtil$1.call(ThreadUtil.java:52)
	at java.util.concurrent.FutureTask.run(Unknown Source)
	at java.util.concurrent.ThreadPoolExecutor.runWorker(Unknown Source)
	at java.util.concurrent.ThreadPoolExecutor$Worker.run(Unknown Source)
	at java.lang.Thread.run(Unknown Source)
]]>
    </error>
  </testcase> <!-- login_Taps -->
</testsuite> <!-- day4.CreateTestLead -->
